23-Nov-2019 07:30:10.943 INFO [main] org.apache.catalina.startup.VersionLoggerListener.log Server version:        Apache Tomcat/8.0.36
23-Nov-2019 07:30:10.944 INFO [main] org.apache.catalina.startup.VersionLoggerListener.log Server built:          Jun 9 2016 13:55:50 UTC
23-Nov-2019 07:30:10.945 INFO [main] org.apache.catalina.startup.VersionLoggerListener.log Server number:         8.0.36.0
23-Nov-2019 07:30:10.945 INFO [main] org.apache.catalina.startup.VersionLoggerListener.log OS Name:               Windows 10
23-Nov-2019 07:30:10.945 INFO [main] org.apache.catalina.startup.VersionLoggerListener.log OS Version:            10.0
23-Nov-2019 07:30:10.945 INFO [main] org.apache.catalina.startup.VersionLoggerListener.log Architecture:          amd64
23-Nov-2019 07:30:10.945 INFO [main] org.apache.catalina.startup.VersionLoggerListener.log Java Home:             D:\Program Files\Java\jdk1.8.0_201\jre
23-Nov-2019 07:30:10.945 INFO [main] org.apache.catalina.startup.VersionLoggerListener.log JVM Version:           1.8.0_201-b09
23-Nov-2019 07:30:10.946 INFO [main] org.apache.catalina.startup.VersionLoggerListener.log JVM Vendor:            Oracle Corporation
23-Nov-2019 07:30:10.946 INFO [main] org.apache.catalina.startup.VersionLoggerListener.log CATALINA_BASE:         C:\Users\10295\Desktop\solr\apache-tomcat-8.0.36
23-Nov-2019 07:30:10.946 INFO [main] org.apache.catalina.startup.VersionLoggerListener.log CATALINA_HOME:         C:\Users\10295\Desktop\solr\apache-tomcat-8.0.36
23-Nov-2019 07:30:10.946 INFO [main] org.apache.catalina.startup.VersionLoggerListener.log Command line argument: -Djdk.tls.ephemeralDHKeySize=2048
23-Nov-2019 07:30:10.946 INFO [main] org.apache.catalina.startup.VersionLoggerListener.log Command line argument: -Djava.util.logging.config.file=C:\Users\10295\Desktop\solr\apache-tomcat-8.0.36\conf\logging.properties
23-Nov-2019 07:30:10.947 INFO [main] org.apache.catalina.startup.VersionLoggerListener.log Command line argument: -Djava.util.logging.manager=org.apache.juli.ClassLoaderLogManager
23-Nov-2019 07:30:10.947 INFO [main] org.apache.catalina.startup.VersionLoggerListener.log Command line argument: -Djava.endorsed.dirs=C:\Users\10295\Desktop\solr\apache-tomcat-8.0.36\endorsed
23-Nov-2019 07:30:10.947 INFO [main] org.apache.catalina.startup.VersionLoggerListener.log Command line argument: -Dcatalina.base=C:\Users\10295\Desktop\solr\apache-tomcat-8.0.36
23-Nov-2019 07:30:10.947 INFO [main] org.apache.catalina.startup.VersionLoggerListener.log Command line argument: -Dcatalina.home=C:\Users\10295\Desktop\solr\apache-tomcat-8.0.36
23-Nov-2019 07:30:10.948 INFO [main] org.apache.catalina.startup.VersionLoggerListener.log Command line argument: -Djava.io.tmpdir=C:\Users\10295\Desktop\solr\apache-tomcat-8.0.36\temp
23-Nov-2019 07:30:10.948 INFO [main] org.apache.catalina.core.AprLifecycleListener.lifecycleEvent Loaded APR based Apache Tomcat Native library 1.2.7 using APR version 1.5.2.
23-Nov-2019 07:30:10.952 INFO [main] org.apache.catalina.core.AprLifecycleListener.lifecycleEvent APR capabilities: IPv6 [true], sendfile [true], accept filters [false], random [true].
23-Nov-2019 07:30:11.550 INFO [main] org.apache.catalina.core.AprLifecycleListener.initializeSSL OpenSSL successfully initialized (OpenSSL 1.0.2h  3 May 2016)
23-Nov-2019 07:30:11.679 INFO [main] org.apache.coyote.AbstractProtocol.init Initializing ProtocolHandler ["http-apr-8080"]
23-Nov-2019 07:30:11.687 INFO [main] org.apache.coyote.AbstractProtocol.init Initializing ProtocolHandler ["ajp-apr-8009"]
23-Nov-2019 07:30:11.688 INFO [main] org.apache.catalina.startup.Catalina.load Initialization processed in 1084 ms
23-Nov-2019 07:30:11.728 INFO [main] org.apache.catalina.core.StandardService.startInternal Starting service Catalina
23-Nov-2019 07:30:11.728 INFO [main] org.apache.catalina.core.StandardEngine.startInternal Starting Servlet Engine: Apache Tomcat/8.0.36
23-Nov-2019 07:30:11.739 INFO [localhost-startStop-1] org.apache.catalina.startup.HostConfig.deployDirectory Deploying web application directory C:\Users\10295\Desktop\solr\apache-tomcat-8.0.36\webapps\docs
23-Nov-2019 07:30:12.217 INFO [localhost-startStop-1] org.apache.catalina.util.SessionIdGeneratorBase.createSecureRandom Creation of SecureRandom instance for session ID generation using [SHA1PRNG] took [191] milliseconds.
23-Nov-2019 07:30:12.236 INFO [localhost-startStop-1] org.apache.catalina.startup.HostConfig.deployDirectory Deployment of web application directory C:\Users\10295\Desktop\solr\apache-tomcat-8.0.36\webapps\docs has finished in 497 ms
23-Nov-2019 07:30:12.237 INFO [localhost-startStop-1] org.apache.catalina.startup.HostConfig.deployDirectory Deploying web application directory C:\Users\10295\Desktop\solr\apache-tomcat-8.0.36\webapps\examples
23-Nov-2019 07:30:13.160 INFO [localhost-startStop-1] org.apache.catalina.startup.HostConfig.deployDirectory Deployment of web application directory C:\Users\10295\Desktop\solr\apache-tomcat-8.0.36\webapps\examples has finished in 923 ms
23-Nov-2019 07:30:13.161 INFO [localhost-startStop-1] org.apache.catalina.startup.HostConfig.deployDirectory Deploying web application directory C:\Users\10295\Desktop\solr\apache-tomcat-8.0.36\webapps\host-manager
23-Nov-2019 07:30:13.203 INFO [localhost-startStop-1] org.apache.catalina.startup.HostConfig.deployDirectory Deployment of web application directory C:\Users\10295\Desktop\solr\apache-tomcat-8.0.36\webapps\host-manager has finished in 43 ms
23-Nov-2019 07:30:13.203 INFO [localhost-startStop-1] org.apache.catalina.startup.HostConfig.deployDirectory Deploying web application directory C:\Users\10295\Desktop\solr\apache-tomcat-8.0.36\webapps\manager
23-Nov-2019 07:30:13.242 INFO [localhost-startStop-1] org.apache.catalina.startup.HostConfig.deployDirectory Deployment of web application directory C:\Users\10295\Desktop\solr\apache-tomcat-8.0.36\webapps\manager has finished in 39 ms
23-Nov-2019 07:30:13.242 INFO [localhost-startStop-1] org.apache.catalina.startup.HostConfig.deployDirectory Deploying web application directory C:\Users\10295\Desktop\solr\apache-tomcat-8.0.36\webapps\ROOT
23-Nov-2019 07:30:13.267 INFO [localhost-startStop-1] org.apache.catalina.startup.HostConfig.deployDirectory Deployment of web application directory C:\Users\10295\Desktop\solr\apache-tomcat-8.0.36\webapps\ROOT has finished in 24 ms
23-Nov-2019 07:30:13.267 INFO [localhost-startStop-1] org.apache.catalina.startup.HostConfig.deployDirectory Deploying web application directory C:\Users\10295\Desktop\solr\apache-tomcat-8.0.36\webapps\solr
23-Nov-2019 07:30:17.746 INFO [localhost-startStop-1] org.apache.jasper.servlet.TldScanner.scanJars At least one JAR was scanned for TLDs yet contained no TLDs. Enable debug logging for this logger for a complete list of JARs that were scanned but no TLDs were found in them. Skipping unneeded JARs during scanning can improve startup time and JSP compilation time.
23-Nov-2019 07:30:23.709 INFO [localhost-startStop-1] org.apache.catalina.startup.HostConfig.deployDirectory Deployment of web application directory C:\Users\10295\Desktop\solr\apache-tomcat-8.0.36\webapps\solr has finished in 10,442 ms
23-Nov-2019 07:30:23.718 INFO [main] org.apache.coyote.AbstractProtocol.start Starting ProtocolHandler ["http-apr-8080"]
23-Nov-2019 07:30:23.731 INFO [main] org.apache.coyote.AbstractProtocol.start Starting ProtocolHandler ["ajp-apr-8009"]
23-Nov-2019 07:30:23.736 INFO [main] org.apache.catalina.startup.Catalina.start Server startup in 12046 ms
