24-Nov-2019 15:22:12.949 INFO [main] org.apache.catalina.startup.VersionLoggerListener.log Server version:        Apache Tomcat/8.0.36
24-Nov-2019 15:22:12.950 INFO [main] org.apache.catalina.startup.VersionLoggerListener.log Server built:          Jun 9 2016 13:55:50 UTC
24-Nov-2019 15:22:12.951 INFO [main] org.apache.catalina.startup.VersionLoggerListener.log Server number:         8.0.36.0
24-Nov-2019 15:22:12.951 INFO [main] org.apache.catalina.startup.VersionLoggerListener.log OS Name:               Windows 10
24-Nov-2019 15:22:12.951 INFO [main] org.apache.catalina.startup.VersionLoggerListener.log OS Version:            10.0
24-Nov-2019 15:22:12.951 INFO [main] org.apache.catalina.startup.VersionLoggerListener.log Architecture:          amd64
24-Nov-2019 15:22:12.952 INFO [main] org.apache.catalina.startup.VersionLoggerListener.log Java Home:             D:\Program Files\Java\jdk1.8.0_201\jre
24-Nov-2019 15:22:12.952 INFO [main] org.apache.catalina.startup.VersionLoggerListener.log JVM Version:           1.8.0_201-b09
24-Nov-2019 15:22:12.952 INFO [main] org.apache.catalina.startup.VersionLoggerListener.log JVM Vendor:            Oracle Corporation
24-Nov-2019 15:22:12.952 INFO [main] org.apache.catalina.startup.VersionLoggerListener.log CATALINA_BASE:         C:\Users\10295\Desktop\solr\apache-tomcat-8.0.36
24-Nov-2019 15:22:12.952 INFO [main] org.apache.catalina.startup.VersionLoggerListener.log CATALINA_HOME:         C:\Users\10295\Desktop\solr\apache-tomcat-8.0.36
24-Nov-2019 15:22:12.953 INFO [main] org.apache.catalina.startup.VersionLoggerListener.log Command line argument: -Djdk.tls.ephemeralDHKeySize=2048
24-Nov-2019 15:22:12.953 INFO [main] org.apache.catalina.startup.VersionLoggerListener.log Command line argument: -Djava.util.logging.config.file=C:\Users\10295\Desktop\solr\apache-tomcat-8.0.36\conf\logging.properties
24-Nov-2019 15:22:12.953 INFO [main] org.apache.catalina.startup.VersionLoggerListener.log Command line argument: -Djava.util.logging.manager=org.apache.juli.ClassLoaderLogManager
24-Nov-2019 15:22:12.953 INFO [main] org.apache.catalina.startup.VersionLoggerListener.log Command line argument: -Djava.endorsed.dirs=C:\Users\10295\Desktop\solr\apache-tomcat-8.0.36\endorsed
24-Nov-2019 15:22:12.953 INFO [main] org.apache.catalina.startup.VersionLoggerListener.log Command line argument: -Dcatalina.base=C:\Users\10295\Desktop\solr\apache-tomcat-8.0.36
24-Nov-2019 15:22:12.953 INFO [main] org.apache.catalina.startup.VersionLoggerListener.log Command line argument: -Dcatalina.home=C:\Users\10295\Desktop\solr\apache-tomcat-8.0.36
24-Nov-2019 15:22:12.954 INFO [main] org.apache.catalina.startup.VersionLoggerListener.log Command line argument: -Djava.io.tmpdir=C:\Users\10295\Desktop\solr\apache-tomcat-8.0.36\temp
24-Nov-2019 15:22:12.954 INFO [main] org.apache.catalina.core.AprLifecycleListener.lifecycleEvent Loaded APR based Apache Tomcat Native library 1.2.7 using APR version 1.5.2.
24-Nov-2019 15:22:12.958 INFO [main] org.apache.catalina.core.AprLifecycleListener.lifecycleEvent APR capabilities: IPv6 [true], sendfile [true], accept filters [false], random [true].
24-Nov-2019 15:22:13.563 INFO [main] org.apache.catalina.core.AprLifecycleListener.initializeSSL OpenSSL successfully initialized (OpenSSL 1.0.2h  3 May 2016)
24-Nov-2019 15:22:14.065 INFO [main] org.apache.coyote.AbstractProtocol.init Initializing ProtocolHandler ["http-apr-8080"]
24-Nov-2019 15:22:14.077 INFO [main] org.apache.coyote.AbstractProtocol.init Initializing ProtocolHandler ["ajp-apr-8009"]
24-Nov-2019 15:22:14.080 INFO [main] org.apache.catalina.startup.Catalina.load Initialization processed in 1608 ms
24-Nov-2019 15:22:14.133 INFO [main] org.apache.catalina.core.StandardService.startInternal Starting service Catalina
24-Nov-2019 15:22:14.134 INFO [main] org.apache.catalina.core.StandardEngine.startInternal Starting Servlet Engine: Apache Tomcat/8.0.36
24-Nov-2019 15:22:14.148 INFO [localhost-startStop-1] org.apache.catalina.startup.HostConfig.deployDirectory Deploying web application directory C:\Users\10295\Desktop\solr\apache-tomcat-8.0.36\webapps\docs
24-Nov-2019 15:22:14.760 INFO [localhost-startStop-1] org.apache.catalina.util.SessionIdGeneratorBase.createSecureRandom Creation of SecureRandom instance for session ID generation using [SHA1PRNG] took [226] milliseconds.
24-Nov-2019 15:22:14.787 INFO [localhost-startStop-1] org.apache.catalina.startup.HostConfig.deployDirectory Deployment of web application directory C:\Users\10295\Desktop\solr\apache-tomcat-8.0.36\webapps\docs has finished in 639 ms
24-Nov-2019 15:22:14.788 INFO [localhost-startStop-1] org.apache.catalina.startup.HostConfig.deployDirectory Deploying web application directory C:\Users\10295\Desktop\solr\apache-tomcat-8.0.36\webapps\examples
24-Nov-2019 15:22:16.060 INFO [localhost-startStop-1] org.apache.catalina.startup.HostConfig.deployDirectory Deployment of web application directory C:\Users\10295\Desktop\solr\apache-tomcat-8.0.36\webapps\examples has finished in 1,272 ms
24-Nov-2019 15:22:16.060 INFO [localhost-startStop-1] org.apache.catalina.startup.HostConfig.deployDirectory Deploying web application directory C:\Users\10295\Desktop\solr\apache-tomcat-8.0.36\webapps\host-manager
24-Nov-2019 15:22:16.118 INFO [localhost-startStop-1] org.apache.catalina.startup.HostConfig.deployDirectory Deployment of web application directory C:\Users\10295\Desktop\solr\apache-tomcat-8.0.36\webapps\host-manager has finished in 58 ms
24-Nov-2019 15:22:16.118 INFO [localhost-startStop-1] org.apache.catalina.startup.HostConfig.deployDirectory Deploying web application directory C:\Users\10295\Desktop\solr\apache-tomcat-8.0.36\webapps\manager
24-Nov-2019 15:22:16.174 INFO [localhost-startStop-1] org.apache.catalina.startup.HostConfig.deployDirectory Deployment of web application directory C:\Users\10295\Desktop\solr\apache-tomcat-8.0.36\webapps\manager has finished in 56 ms
24-Nov-2019 15:22:16.175 INFO [localhost-startStop-1] org.apache.catalina.startup.HostConfig.deployDirectory Deploying web application directory C:\Users\10295\Desktop\solr\apache-tomcat-8.0.36\webapps\ROOT
24-Nov-2019 15:22:16.215 INFO [localhost-startStop-1] org.apache.catalina.startup.HostConfig.deployDirectory Deployment of web application directory C:\Users\10295\Desktop\solr\apache-tomcat-8.0.36\webapps\ROOT has finished in 40 ms
24-Nov-2019 15:22:16.215 INFO [localhost-startStop-1] org.apache.catalina.startup.HostConfig.deployDirectory Deploying web application directory C:\Users\10295\Desktop\solr\apache-tomcat-8.0.36\webapps\solr
24-Nov-2019 15:22:27.421 INFO [localhost-startStop-1] org.apache.jasper.servlet.TldScanner.scanJars At least one JAR was scanned for TLDs yet contained no TLDs. Enable debug logging for this logger for a complete list of JARs that were scanned but no TLDs were found in them. Skipping unneeded JARs during scanning can improve startup time and JSP compilation time.
24-Nov-2019 15:22:30.609 INFO [localhost-startStop-1] org.apache.catalina.startup.HostConfig.deployDirectory Deployment of web application directory C:\Users\10295\Desktop\solr\apache-tomcat-8.0.36\webapps\solr has finished in 14,393 ms
24-Nov-2019 15:22:30.629 INFO [main] org.apache.coyote.AbstractProtocol.start Starting ProtocolHandler ["http-apr-8080"]
24-Nov-2019 15:22:30.654 INFO [main] org.apache.coyote.AbstractProtocol.start Starting ProtocolHandler ["ajp-apr-8009"]
24-Nov-2019 15:22:30.662 INFO [main] org.apache.catalina.startup.Catalina.start Server startup in 16580 ms
